<?xml version="1.0" encoding="UTF-8"?>
<testsuite name="com.brandon.practice.client.PioneerClientTest" tests="1" skipped="0" failures="0" errors="0" timestamp="2023-02-20T13:54:39" hostname="brandonkwon.local" time="1.786">
  <properties/>
  <testcase name="customizedSerializeTest()" classname="com.brandon.practice.client.PioneerClientTest" time="1.786"/>
  <system-out><![CDATA[22:54:37.455 [Test worker] DEBUG org.springframework.test.context.BootstrapUtils - Instantiating CacheAwareContextLoaderDelegate from class [org.springframework.test.context.cache.DefaultCacheAwareContextLoaderDelegate]
22:54:37.465 [Test worker] DEBUG org.springframework.test.context.BootstrapUtils - Instantiating BootstrapContext using constructor [public org.springframework.test.context.support.DefaultBootstrapContext(java.lang.Class,org.springframework.test.context.CacheAwareContextLoaderDelegate)]
22:54:37.490 [Test worker] DEBUG org.springframework.test.context.BootstrapUtils - Instantiating TestContextBootstrapper for test class [com.brandon.practice.client.PioneerClientTest] from class [org.springframework.boot.test.context.SpringBootTestContextBootstrapper]
22:54:37.502 [Test worker] INFO org.springframework.boot.test.context.SpringBootTestContextBootstrapper - Neither @ContextConfiguration nor @ContextHierarchy found for test class [com.brandon.practice.client.PioneerClientTest], using SpringBootContextLoader
22:54:37.504 [Test worker] DEBUG org.springframework.test.context.support.AbstractContextLoader - Did not detect default resource location for test class [com.brandon.practice.client.PioneerClientTest]: class path resource [com/brandon/practice/client/PioneerClientTest-context.xml] does not exist
22:54:37.505 [Test worker] DEBUG org.springframework.test.context.support.AbstractContextLoader - Did not detect default resource location for test class [com.brandon.practice.client.PioneerClientTest]: class path resource [com/brandon/practice/client/PioneerClientTestContext.groovy] does not exist
22:54:37.505 [Test worker] INFO org.springframework.test.context.support.AbstractContextLoader - Could not detect default resource locations for test class [com.brandon.practice.client.PioneerClientTest]: no resource found for suffixes {-context.xml, Context.groovy}.
22:54:37.505 [Test worker] INFO org.springframework.test.context.support.AnnotationConfigContextLoaderUtils - Could not detect default configuration classes for test class [com.brandon.practice.client.PioneerClientTest]: PioneerClientTest does not declare any static, non-private, non-final, nested classes annotated with @Configuration.
22:54:37.544 [Test worker] DEBUG org.springframework.test.context.support.ActiveProfilesUtils - Could not find an 'annotation declaring class' for annotation type [org.springframework.test.context.ActiveProfiles] and class [com.brandon.practice.client.PioneerClientTest]
22:54:37.606 [Test worker] DEBUG org.springframework.context.annotation.ClassPathScanningCandidateComponentProvider - Identified candidate component class: file [/Users/kakao/yjgit/kotlinPractice/practice/build/classes/kotlin/main/com/brandon/practice/PracticeApplication.class]
22:54:37.607 [Test worker] INFO org.springframework.boot.test.context.SpringBootTestContextBootstrapper - Found @SpringBootConfiguration com.brandon.practice.PracticeApplication for test class com.brandon.practice.client.PioneerClientTest
22:54:37.702 [Test worker] DEBUG org.springframework.boot.test.context.SpringBootTestContextBootstrapper - @TestExecutionListeners is not present for class [com.brandon.practice.client.PioneerClientTest]: using defaults.
22:54:37.702 [Test worker] INFO org.springframework.boot.test.context.SpringBootTestContextBootstrapper - Loaded default TestExecutionListener class names from location [META-INF/spring.factories]: [org.springframework.boot.test.autoconfigure.restdocs.RestDocsTestExecutionListener, org.springframework.boot.test.autoconfigure.web.client.MockRestServiceServerResetTestExecutionListener, org.springframework.boot.test.autoconfigure.web.servlet.MockMvcPrintOnlyOnFailureTestExecutionListener, org.springframework.boot.test.autoconfigure.web.servlet.WebDriverTestExecutionListener, org.springframework.boot.test.autoconfigure.webservices.client.MockWebServiceServerTestExecutionListener, org.springframework.boot.test.mock.mockito.MockitoTestExecutionListener, org.springframework.boot.test.mock.mockito.ResetMocksTestExecutionListener, org.springframework.test.context.web.ServletTestExecutionListener, org.springframework.test.context.support.DirtiesContextBeforeModesTestExecutionListener, org.springframework.test.context.event.ApplicationEventsTestExecutionListener, org.springframework.test.context.support.DependencyInjectionTestExecutionListener, org.springframework.test.context.support.DirtiesContextTestExecutionListener, org.springframework.test.context.transaction.TransactionalTestExecutionListener, org.springframework.test.context.jdbc.SqlScriptsTestExecutionListener, org.springframework.test.context.event.EventPublishingTestExecutionListener]
22:54:37.714 [Test worker] DEBUG org.springframework.boot.test.context.SpringBootTestContextBootstrapper - Skipping candidate TestExecutionListener [org.springframework.test.context.transaction.TransactionalTestExecutionListener] due to a missing dependency. Specify custom listener classes or make the default listener classes and their required dependencies available. Offending class: [org/springframework/transaction/interceptor/TransactionAttributeSource]
22:54:37.714 [Test worker] DEBUG org.springframework.boot.test.context.SpringBootTestContextBootstrapper - Skipping candidate TestExecutionListener [org.springframework.test.context.jdbc.SqlScriptsTestExecutionListener] due to a missing dependency. Specify custom listener classes or make the default listener classes and their required dependencies available. Offending class: [org/springframework/transaction/interceptor/TransactionAttribute]
22:54:37.714 [Test worker] INFO org.springframework.boot.test.context.SpringBootTestContextBootstrapper - Using TestExecutionListeners: [org.springframework.test.context.web.ServletTestExecutionListener@2552f2cb, org.springframework.test.context.support.DirtiesContextBeforeModesTestExecutionListener@33352f32, org.springframework.test.context.event.ApplicationEventsTestExecutionListener@5f3b9c57, org.springframework.boot.test.mock.mockito.MockitoTestExecutionListener@1e044120, org.springframework.boot.test.autoconfigure.SpringBootDependencyInjectionTestExecutionListener@2cf23c81, org.springframework.test.context.support.DirtiesContextTestExecutionListener@3624da92, org.springframework.test.context.event.EventPublishingTestExecutionListener@35fe2125, org.springframework.boot.test.autoconfigure.restdocs.RestDocsTestExecutionListener@94f6bfb, org.springframework.boot.test.autoconfigure.web.client.MockRestServiceServerResetTestExecutionListener@34645867, org.springframework.boot.test.autoconfigure.web.servlet.MockMvcPrintOnlyOnFailureTestExecutionListener@2484f433, org.springframework.boot.test.autoconfigure.web.servlet.WebDriverTestExecutionListener@60b71e8f, org.springframework.boot.test.autoconfigure.webservices.client.MockWebServiceServerTestExecutionListener@1255b1d1, org.springframework.boot.test.mock.mockito.ResetMocksTestExecutionListener@464649c]
22:54:37.717 [Test worker] DEBUG org.springframework.test.context.support.AbstractDirtiesContextTestExecutionListener - Before test class: context [DefaultTestContext@224b4d61 testClass = PioneerClientTest, testInstance = [null], testMethod = [null], testException = [null], mergedContextConfiguration = [MergedContextConfiguration@5d5d9e5 testClass = PioneerClientTest, locations = '{}', classes = '{class com.brandon.practice.PracticeApplication}', contextInitializerClasses = '[]', activeProfiles = '{}', propertySourceLocations = '{}', propertySourceProperties = '{client.pioneer.enable=true, client.pioneer.server=http://localhost:9443, client.pioneer.timeout=200s, org.springframework.boot.test.context.SpringBootTestContextBootstrapper=true, spring.main.web-application-type=none}', contextCustomizers = set[org.springframework.boot.test.autoconfigure.actuate.metrics.MetricsExportContextCustomizerFactory$DisableMetricExportContextCustomizer@2e6a5539, org.springframework.boot.test.autoconfigure.properties.PropertyMappingContextCustomizer@0, org.springframework.boot.test.autoconfigure.web.servlet.WebDriverContextCustomizerFactory$Customizer@68b32e3e, org.springframework.boot.test.context.filter.ExcludeFilterContextCustomizer@4f9a2c08, org.springframework.boot.test.json.DuplicateJsonObjectContextCustomizerFactory$DuplicateJsonObjectContextCustomizer@48e92c5c, org.springframework.boot.test.mock.mockito.MockitoContextCustomizer@0, org.springframework.boot.test.web.client.TestRestTemplateContextCustomizer@6155d082, org.springframework.boot.test.web.reactive.server.WebTestClientContextCustomizer@21a21c64, org.springframework.boot.test.context.SpringBootTestArgs@1, org.springframework.boot.test.context.SpringBootTestWebEnvironment@74455848], contextLoader = 'org.springframework.boot.test.context.SpringBootContextLoader', parent = [null]], attributes = map[[empty]]], class annotated with @DirtiesContext [false] with mode [null].
22:54:38.039 [Test worker] DEBUG org.springframework.test.context.support.DependencyInjectionTestExecutionListener - Performing dependency injection for test context [[DefaultTestContext@224b4d61 testClass = PioneerClientTest, testInstance = com.brandon.practice.client.PioneerClientTest@abff8b7, testMethod = [null], testException = [null], mergedContextConfiguration = [MergedContextConfiguration@5d5d9e5 testClass = PioneerClientTest, locations = '{}', classes = '{class com.brandon.practice.PracticeApplication}', contextInitializerClasses = '[]', activeProfiles = '{}', propertySourceLocations = '{}', propertySourceProperties = '{client.pioneer.enable=true, client.pioneer.server=http://localhost:9443, client.pioneer.timeout=200s, org.springframework.boot.test.context.SpringBootTestContextBootstrapper=true, spring.main.web-application-type=none}', contextCustomizers = set[org.springframework.boot.test.autoconfigure.actuate.metrics.MetricsExportContextCustomizerFactory$DisableMetricExportContextCustomizer@2e6a5539, org.springframework.boot.test.autoconfigure.properties.PropertyMappingContextCustomizer@0, org.springframework.boot.test.autoconfigure.web.servlet.WebDriverContextCustomizerFactory$Customizer@68b32e3e, org.springframework.boot.test.context.filter.ExcludeFilterContextCustomizer@4f9a2c08, org.springframework.boot.test.json.DuplicateJsonObjectContextCustomizerFactory$DuplicateJsonObjectContextCustomizer@48e92c5c, org.springframework.boot.test.mock.mockito.MockitoContextCustomizer@0, org.springframework.boot.test.web.client.TestRestTemplateContextCustomizer@6155d082, org.springframework.boot.test.web.reactive.server.WebTestClientContextCustomizer@21a21c64, org.springframework.boot.test.context.SpringBootTestArgs@1, org.springframework.boot.test.context.SpringBootTestWebEnvironment@74455848], contextLoader = 'org.springframework.boot.test.context.SpringBootContextLoader', parent = [null]], attributes = map['org.springframework.test.context.event.ApplicationEventsTestExecutionListener.recordApplicationEvents' -> false]]].

  .   ____          _            __ _ _
 /\\ / ___'_ __ _ _(_)_ __  __ _ \ \ \ \
( ( )\___ | '_ | '_| | '_ \/ _` | \ \ \ \
 \\/  ___)| |_)| | | | | || (_| |  ) ) ) )
  '  |____| .__|_| |_|_| |_\__, | / / / /
 =========|_|==============|___/=/_/_/_/
 :: Spring Boot ::                (v2.7.8)

22:54:38.716 [Test worker] INFO  c.b.p.client.PioneerClientTest - Starting PioneerClientTest using Java 17.0.1 on brandonkwon.local with PID 48965 (started by kakao in /Users/kakao/yjgit/kotlinPractice/practice) 
22:54:38.717 [Test worker] INFO  c.b.p.client.PioneerClientTest - The following 1 profile is active: "prod" 
22:54:39.164 [Test worker] INFO  c.b.practice.client.PioneerClient - Initializing HantooClient with ClientProperties(enable=true, server=http://localhost:9443, timeout=PT3M20S) 
22:54:39.386 [Test worker] INFO  c.b.p.client.PioneerClientTest - Started PioneerClientTest in 1.318 seconds (JVM running for 2.621) 
22:54:39.886 [Test worker] INFO  c.b.p.client.PioneerClientTest - ####### initialized server ### 
22:54:39.887 [MockServer-EventLog0] INFO  o.mockserver.log.MockServerEventLog - 9443 started on port: 9443 
22:54:39.921 [Test worker] INFO  c.b.p.testModule.MockPioneerServer - response string : {"stockCd":"AAPL","overseaPrice":"13.1123"} 1(") 
22:54:40.444 [MockServer-EventLog0] INFO  o.mockserver.log.MockServerEventLog - 9443 creating expectation:

  {
    "id" : "dfe041a5-273d-4817-86b8-f2207b48cd38",
    "priority" : 0,
    "httpRequest" : {
      "method" : "GET",
      "path" : "/price/oversea",
      "queryStringParameters" : {
        "symb" : [ "AAPL" ]
      }
    },
    "times" : {
      "unlimited" : true
    },
    "timeToLive" : {
      "unlimited" : true
    },
    "httpResponse" : {
      "statusCode" : 200,
      "body" : {
        "type" : "STRING",
        "string" : "{\"stockCd\":\"AAPL\",\"overseaPrice\":\"13.1123\"}",
        "contentType" : "application/json; charset=utf-8"
      }
    }
  }

 with id:

  dfe041a5-273d-4817-86b8-f2207b48cd38
 
22:54:40.503 [MockServer-EventLog0] INFO  o.mockserver.log.MockServerEventLog - 9443 creating expectation:

  {
    "id" : "b794796f-630c-4136-8feb-b40735132d6a",
    "priority" : 0,
    "httpRequest" : {
      "method" : "GET",
      "path" : "/price/domestic",
      "queryStringParameters" : {
        "fid_input_iscd" : [ "12393" ]
      }
    },
    "times" : {
      "unlimited" : true
    },
    "timeToLive" : {
      "unlimited" : true
    },
    "httpResponse" : {
      "statusCode" : 200,
      "body" : {
        "type" : "STRING",
        "string" : "{\"price\":\"12393\",\"priceUnit\":\"10\"}",
        "contentType" : "application/json; charset=utf-8"
      }
    }
  }

 with id:

  b794796f-630c-4136-8feb-b40735132d6a
 
22:54:41.110 [MockServer-EventLog0] INFO  o.mockserver.log.MockServerEventLog - 9443 received request:

  {
    "method" : "GET",
    "path" : "/price/oversea",
    "queryStringParameters" : {
      "symb" : [ "AAPL" ]
    },
    "headers" : {
      "accept-encoding" : [ "gzip" ],
      "user-agent" : [ "ReactorNetty/1.0.27" ],
      "host" : [ "localhost:9443" ],
      "accept" : [ "*/*" ],
      "contentType" : [ "application/json" ],
      "Connection" : [ "close" ],
      "content-length" : [ "0" ]
    },
    "keepAlive" : false,
    "secure" : false
  }
 
22:54:41.113 [MockServer-EventLog0] INFO  o.mockserver.log.MockServerEventLog - 9443 request:

  {
    "method" : "GET",
    "path" : "/price/oversea",
    "queryStringParameters" : {
      "symb" : [ "AAPL" ]
    },
    "headers" : {
      "accept-encoding" : [ "gzip" ],
      "user-agent" : [ "ReactorNetty/1.0.27" ],
      "host" : [ "localhost:9443" ],
      "accept" : [ "*/*" ],
      "contentType" : [ "application/json" ],
      "Connection" : [ "close" ],
      "content-length" : [ "0" ]
    },
    "keepAlive" : false,
    "secure" : false
  }

 matched expectation:

  {
    "id" : "dfe041a5-273d-4817-86b8-f2207b48cd38",
    "priority" : 0,
    "httpRequest" : {
      "method" : "GET",
      "path" : "/price/oversea",
      "queryStringParameters" : {
        "symb" : [ "AAPL" ]
      }
    },
    "times" : {
      "unlimited" : true
    },
    "timeToLive" : {
      "unlimited" : true
    },
    "httpResponse" : {
      "statusCode" : 200,
      "body" : {
        "type" : "STRING",
        "string" : "{\"stockCd\":\"AAPL\",\"overseaPrice\":\"13.1123\"}",
        "contentType" : "application/json; charset=utf-8"
      }
    }
  }
 
22:54:41.117 [MockServer-EventLog0] INFO  o.mockserver.log.MockServerEventLog - 9443 returning response:

  {
    "statusCode" : 200,
    "body" : "{\"stockCd\":\"AAPL\",\"overseaPrice\":\"13.1123\"}"
  }

 for request:

  {
    "method" : "GET",
    "path" : "/price/oversea",
    "queryStringParameters" : {
      "symb" : [ "AAPL" ]
    },
    "headers" : {
      "accept-encoding" : [ "gzip" ],
      "user-agent" : [ "ReactorNetty/1.0.27" ],
      "host" : [ "localhost:9443" ],
      "accept" : [ "*/*" ],
      "contentType" : [ "application/json" ],
      "Connection" : [ "close" ],
      "content-length" : [ "0" ]
    },
    "keepAlive" : false,
    "secure" : false
  }

 for action:

  {
    "statusCode" : 200,
    "body" : "{\"stockCd\":\"AAPL\",\"overseaPrice\":\"13.1123\"}"
  }

 from expectation:

  dfe041a5-273d-4817-86b8-f2207b48cd38
 
22:54:41.136 [reactor-http-nio-2] INFO  c.b.p.domain.PriceInfoDeserializer - ### stockCode : AAPL 
22:54:41.143 [Test worker] INFO  c.b.p.client.PioneerClientTest - ### 13.1123, 5 
22:54:41.166 [MockServer-EventLog0] INFO  o.mockserver.log.MockServerEventLog - 9443 received request:

  {
    "method" : "GET",
    "path" : "/price/domestic",
    "queryStringParameters" : {
      "fid_input_iscd" : [ "12393" ]
    },
    "headers" : {
      "accept-encoding" : [ "gzip" ],
      "user-agent" : [ "ReactorNetty/1.0.27" ],
      "host" : [ "localhost:9443" ],
      "accept" : [ "*/*" ],
      "contentType" : [ "application/json" ],
      "Connection" : [ "close" ],
      "content-length" : [ "0" ]
    },
    "keepAlive" : false,
    "secure" : false
  }
 
22:54:41.168 [reactor-http-nio-3] INFO  c.b.p.domain.PriceInfoDeserializer - ### stockCode : null 
22:54:41.168 [MockServer-EventLog0] INFO  o.mockserver.log.MockServerEventLog - 9443 request:

  {
    "method" : "GET",
    "path" : "/price/domestic",
    "queryStringParameters" : {
      "fid_input_iscd" : [ "12393" ]
    },
    "headers" : {
      "accept-encoding" : [ "gzip" ],
      "user-agent" : [ "ReactorNetty/1.0.27" ],
      "host" : [ "localhost:9443" ],
      "accept" : [ "*/*" ],
      "contentType" : [ "application/json" ],
      "Connection" : [ "close" ],
      "content-length" : [ "0" ]
    },
    "keepAlive" : false,
    "secure" : false
  }

 didn't match expectation:

  {
    "id" : "dfe041a5-273d-4817-86b8-f2207b48cd38",
    "priority" : 0,
    "httpRequest" : {
      "method" : "GET",
      "path" : "/price/oversea",
      "queryStringParameters" : {
        "symb" : [ "AAPL" ]
      }
    },
    "times" : {
      "unlimited" : true
    },
    "timeToLive" : {
      "unlimited" : true
    },
    "httpResponse" : {
      "statusCode" : 200,
      "body" : {
        "type" : "STRING",
        "string" : "{\"stockCd\":\"AAPL\",\"overseaPrice\":\"13.1123\"}",
        "contentType" : "application/json; charset=utf-8"
      }
    }
  }

 because:

  method matched
  path didn't match
 
22:54:41.170 [MockServer-EventLog0] INFO  o.mockserver.log.MockServerEventLog - 9443 request:

  {
    "method" : "GET",
    "path" : "/price/domestic",
    "queryStringParameters" : {
      "fid_input_iscd" : [ "12393" ]
    },
    "headers" : {
      "accept-encoding" : [ "gzip" ],
      "user-agent" : [ "ReactorNetty/1.0.27" ],
      "host" : [ "localhost:9443" ],
      "accept" : [ "*/*" ],
      "contentType" : [ "application/json" ],
      "Connection" : [ "close" ],
      "content-length" : [ "0" ]
    },
    "keepAlive" : false,
    "secure" : false
  }

 matched expectation:

  {
    "id" : "b794796f-630c-4136-8feb-b40735132d6a",
    "priority" : 0,
    "httpRequest" : {
      "method" : "GET",
      "path" : "/price/domestic",
      "queryStringParameters" : {
        "fid_input_iscd" : [ "12393" ]
      }
    },
    "times" : {
      "unlimited" : true
    },
    "timeToLive" : {
      "unlimited" : true
    },
    "httpResponse" : {
      "statusCode" : 200,
      "body" : {
        "type" : "STRING",
        "string" : "{\"price\":\"12393\",\"priceUnit\":\"10\"}",
        "contentType" : "application/json; charset=utf-8"
      }
    }
  }
 
22:54:41.172 [MockServer-EventLog0] INFO  o.mockserver.log.MockServerEventLog - 9443 returning response:

  {
    "statusCode" : 200,
    "body" : "{\"price\":\"12393\",\"priceUnit\":\"10\"}"
  }

 for request:

  {
    "method" : "GET",
    "path" : "/price/domestic",
    "queryStringParameters" : {
      "fid_input_iscd" : [ "12393" ]
    },
    "headers" : {
      "accept-encoding" : [ "gzip" ],
      "user-agent" : [ "ReactorNetty/1.0.27" ],
      "host" : [ "localhost:9443" ],
      "accept" : [ "*/*" ],
      "contentType" : [ "application/json" ],
      "Connection" : [ "close" ],
      "content-length" : [ "0" ]
    },
    "keepAlive" : false,
    "secure" : false
  }

 for action:

  {
    "statusCode" : 200,
    "body" : "{\"price\":\"12393\",\"priceUnit\":\"10\"}"
  }

 from expectation:

  b794796f-630c-4136-8feb-b40735132d6a
 
22:54:41.180 [Test worker] INFO  c.b.p.client.PioneerClientTest - nothing JSON decoding error: Unexpected end-of-input when trying read value of type `com.brandon.practice.client.PriceApiTemplate$DomesticPriceRequest$Response`; nested exception is com.fasterxml.jackson.databind.exc.MismatchedInputException: Unexpected end-of-input when trying read value of type `com.brandon.practice.client.PriceApiTemplate$DomesticPriceRequest$Response`
 at [Source: (io.netty.buffer.ByteBufInputStream); line: 1, column: 34] 
]]></system-out>
  <system-err><![CDATA[]]></system-err>
</testsuite>
